<?xml version="1.0" encoding="utf-8"?><testsuites><testsuite name="pytest" errors="0" failures="0" skipped="0" tests="19" time="0.423" timestamp="2026-06-05T23:16:54.530582+08:00" hostname="amax"><testcase classname="tests.test_grpo" name="test_tokenize_prompt_and_output" time="0.011" /><testcase classname="tests.test_grpo" name="test_get_response_log_probs" time="0.239" /><testcase classname="tests.test_grpo" name="test_compute_rollout_rewards" time="0.002" /><testcase classname="tests.test_grpo" name="test_compute_group_normalized_rewards_grpo" time="0.001" /><testcase classname="tests.test_grpo" name="test_compute_group_normalized_rewards_drgrpo" time="0.001" /><testcase classname="tests.test_grpo" name="test_compute_group_normalized_rewards_maxrl" time="0.001" /><testcase classname="tests.test_grpo" name="test_compute_policy_gradient_loss_on_policy" time="0.002" /><testcase classname="tests.test_grpo" name="test_compute_policy_gradient_loss_off_policy" time="0.003" /><testcase classname="tests.test_grpo" name="test_compute_policy_gradient_loss_off_policy_gspo" time="0.003" /><testcase classname="tests.test_grpo" name="test_aggregate_loss_across_microbatch_sequence" time="0.002" /><testcase classname="tests.test_grpo" name="test_aggregate_loss_across_microbatch_constant" time="0.002" /><testcase classname="tests.test_grpo" name="test_grpo_train_step_standard_on_policy" time="0.019" /><testcase classname="tests.test_grpo" name="test_grpo_train_step_variants_on_policy[grpo_constant]" time="0.015" /><testcase classname="tests.test_grpo" name="test_grpo_train_step_variants_on_policy[dr_grpo]" time="0.015" /><testcase classname="tests.test_grpo" name="test_grpo_train_step_variants_on_policy[rft]" time="0.014" /><testcase classname="tests.test_grpo" name="test_grpo_train_step_variants_on_policy[maxrl]" time="0.015" /><testcase classname="tests.test_grpo" name="test_grpo_train_step_off_policy[noclip]" time="0.015" /><testcase classname="tests.test_grpo" name="test_grpo_train_step_off_policy[grpo]" time="0.016" /><testcase classname="tests.test_grpo" name="test_grpo_train_step_off_policy[gspo]" time="0.016" /></testsuite></testsuites>